<?xml version="1.0" encoding="UTF-8"?>
<testsuite xmlns:xsi="http://www.w3.org/2001/XMLSchema-instance" xsi:noNamespaceSchemaLocation="https://maven.apache.org/surefire/maven-failsafe-plugin/xsd/failsafe-test-report-3.0.xsd" version="3.0" name="com.ztna.acceptancetests.DefaultTestRunner" time="9.821" tests="2" errors="0" skipped="0" failures="0">
  <properties>
[...]
</properties>
  <testcase name="user tries to login #1" classname="Login feature" time="6.599">
    <system-out><![CDATA[aaaadmin
bbbadmin
]]></system-out>
    <system-err><![CDATA[[main] INFO io.cucumber.core.plugin.SerenityReporter - Running feature from file:///C:/Users/Emumba/IdeaProjects/ztna_automation/src/test/resources/features/login_ztna.feature
[main] WARN io.cucumber.core.plugin.SerenityReporter - Feature from file:///C:/Users/Emumba/IdeaProjects/ztna_automation/src/test/resources/features/login_ztna.feature is not under the 'features' directory. Requirements report will not be correctly generated!
[main] INFO  - &amp#27;[96m

-------------------------------------------------------------------------------------
     _______. _______ .______       _______ .__   __.  __  .___________.____    ____ 
    /       ||   ____||   _  \     |   ____||  \ |  | |  | |           |\   \  /   / 
   |   (----`|  |__   |  |_)  |    |  |__   |   \|  | |  | `---|  |----` \   \/   /  
    \   \    |   __|  |      /     |   __|  |  . `  | |  |     |  |       \_    _/   
.----)   |   |  |____ |  |\  \----.|  |____ |  |\   | |  |     |  |         |  |     
|_______/    |_______|| _| `._____||_______||__| \__| |__|     |__|         |__|    
                                                                                     
 News and tutorials at http://www.serenity-bdd.info                                  
 Documentation at https://wakaleo.gitbooks.io/the-serenity-book/content/             
 Join the Serenity Community on Gitter: https://gitter.im/serenity-bdd/serenity-core 
 Serenity BDD Support and Training at http://serenity-bdd.info/#/trainingandsupport  
-------------------------------------------------------------------------------------
&amp#27;[0m
[main] INFO  - Test Suite Started: Login feature
[main] INFO io.cucumber.core.plugin.SerenityReporter - Running feature from file:///C:/Users/Emumba/IdeaProjects/ztna_automation/src/test/resources/features/login_ztna.feature
[main] WARN io.cucumber.core.plugin.SerenityReporter - Feature from file:///C:/Users/Emumba/IdeaProjects/ztna_automation/src/test/resources/features/login_ztna.feature is not under the 'features' directory. Requirements report will not be correctly generated!
[main] INFO  - 
 _____ _____ ____ _____   ____ _____  _    ____ _____ _____ ____  
|_   _| ____/ ___|_   _| / ___|_   _|/ \  |  _ \_   _| ____|  _ \ 
  | | |  _| \___ \ | |   \___ \ | | / _ \ | |_) || | |  _| | | | |
  | | | |___ ___) || |    ___) || |/ ___ \|  _ < | | | |___| |_| |
  |_| |_____|____/ |_|   |____/ |_/_/   \_\_| \_\|_| |_____|____/ 

user tries to login(login-feature;user-tries-to-login)
-------------------------------------------------------------------
[main] INFO  -    * Example: {parameter=Admin Login Credentials}
[main] INFO  -      * Given user is on login page
[main] INFO  -      * When user tries to login using Admin Login Credentials
[main] INFO  -        * user opens the https://google.com
[main] INFO net.serenitybdd.core.webdriver.driverproviders.ChromeDriverProvider - Not using automatically driver download
[main] INFO net.serenitybdd.core.webdriver.driverproviders.ProvideNewDriver - Instantiating driver
[main] INFO net.serenitybdd.core.webdriver.driverproviders.ProvideNewDriver - Driver capabilities: Capabilities {acceptInsecureCerts: false, browserName: chrome, chrome.switches: --disable-features=VizDispl..., goog:chromeOptions: {args: [--disable-features=VizDispl..., --start-maximized, --test-type, --no-sandbox, --ignore-certificate-errors, --disable-popup-blocking, --disable-default-apps, --disable-extensions-file-a..., --incognito, --disable-infobars, --disable-gpu], extensions: []}, loggingPrefs: org.openqa.selenium.logging...}
Starting ChromeDriver 89.0.4389.23 (61b08ee2c50024bab004e48d2b1b083cdbdac579-refs/branch-heads/4389@{#294}) on port 39028
Only local connections are allowed.
Please see https://chromedriver.chromium.org/security-considerations for suggestions on keeping ChromeDriver safe.
ChromeDriver was started successfully.
Apr 16, 2021 4:31:36 AM org.openqa.selenium.remote.ProtocolHandshake createSession
INFO: Detected dialect: W3C
[main] INFO  -      * Then he should be logged in
[main] INFO  - &amp#27;[92m
        __    _____ _____ ____ _____   ____   _    ____  ____  _____ ____  
  _     \ \  |_   _| ____/ ___|_   _| |  _ \ / \  / ___|/ ___|| ____|  _ \ 
 (_)_____| |   | | |  _| \___ \ | |   | |_) / _ \ \___ \\___ \|  _| | | | |
  _|_____| |   | | | |___ ___) || |   |  __/ ___ \ ___) |___) | |___| |_| |
 (_)     | |   |_| |_____|____/ |_|   |_| /_/   \_\____/|____/|_____|____/ 
        /_/                                                                

user tries to login
----------------------------------------------------------------------------&amp#27;[0m
]]></system-err>
  </testcase>
  <testcase name="user tries to login #2" classname="Login feature" time="1.552">
    <system-out><![CDATA[aaafahad.malik@emumba.com
bbbFahad1234!
]]></system-out>
    <system-err><![CDATA[[main] INFO io.cucumber.core.plugin.SerenityReporter - Running feature from file:///C:/Users/Emumba/IdeaProjects/ztna_automation/src/test/resources/features/login_ztna.feature
[main] WARN io.cucumber.core.plugin.SerenityReporter - Feature from file:///C:/Users/Emumba/IdeaProjects/ztna_automation/src/test/resources/features/login_ztna.feature is not under the 'features' directory. Requirements report will not be correctly generated!
[main] INFO  -    * Example: {parameter=Fahad Login Credentials}
[main] INFO  -      * Given user is on login page
[main] INFO  -      * When user tries to login using Fahad Login Credentials
[main] INFO  -        * user opens the https://google.com
[main] INFO  -      * Then he should be logged in
[main] INFO  - &amp#27;[92m
        __    _____ _____ ____ _____   ____   _    ____  ____  _____ ____  
  _     \ \  |_   _| ____/ ___|_   _| |  _ \ / \  / ___|/ ___|| ____|  _ \ 
 (_)_____| |   | | |  _| \___ \ | |   | |_) / _ \ \___ \\___ \|  _| | | | |
  _|_____| |   | | | |___ ___) || |   |  __/ ___ \ ___) |___) | |___| |_| |
 (_)     | |   |_| |_____|____/ |_|   |_| /_/   \_\____/|____/|_____|____/ 
        /_/                                                                

user tries to login
----------------------------------------------------------------------------&amp#27;[0m
]]></system-err>
  </testcase>
</testsuite>